2017/06/04 15:38:31 [INFO] Terraform version: 0.9.5  
2017/06/04 15:38:31 [INFO] Go runtime version: go1.8.1
2017/06/04 15:38:31 [INFO] CLI args: []string{"/usr/local/Cellar/terraform/0.9.5/bin/terraform", "apply"}
2017/06/04 15:38:31 [DEBUG] Detected home directory from env var: /Users/christianbradley
2017/06/04 15:38:31 [DEBUG] Discovered plugin: auth0 = /Users/christianbradley/go/src/github.com/bocodigitalmedia/terraform-provider-auth0/terraform-provider-auth0
2017/06/04 15:38:31 [DEBUG] Detected home directory from env var: /Users/christianbradley
2017/06/04 15:38:31 [DEBUG] Attempting to open CLI config file: /Users/christianbradley/.terraformrc
2017/06/04 15:38:31 [DEBUG] File doesn't exist, but doesn't need to. Ignoring.
2017/06/04 15:38:31 [DEBUG] Detected home directory from env var: /Users/christianbradley
2017/06/04 15:38:31 [INFO] CLI command args: []string{"apply"}
2017/06/04 15:38:31 [DEBUG] command: loading backend config file: /Users/christianbradley/go/src/github.com/bocodigitalmedia/terraform-provider-auth0
2017/06/04 15:38:31 [DEBUG] command: no data state file found for backend config
2017/06/04 15:38:31 [DEBUG] New state was assigned lineage "39b088ba-3110-4812-911c-b8425c5b38aa"
2017/06/04 15:38:31 [INFO] command: backend initialized: <nil>
2017/06/04 15:38:31 [INFO] command: backend <nil> is not enhanced, wrapping in local
2017/06/04 15:38:31 [INFO] backend/local: starting Apply operation
2017/06/04 15:38:31 [TRACE] Preserving existing state lineage "07c69877-9716-483e-a394-f49544cc35d9"
2017/06/04 15:38:31 [TRACE] Preserving existing state lineage "07c69877-9716-483e-a394-f49544cc35d9"
2017/06/04 15:38:31 [INFO] terraform: building graph: GraphTypeInput
2017/06/04 15:38:31 [TRACE] ConfigTransformer: Starting for path: []
2017/06/04 15:38:31 [TRACE] Graph after step *terraform.ConfigTransformer:

auth0_rule.test - *terraform.NodeAbstractResource
2017/06/04 15:38:31 [TRACE] Graph after step *terraform.OutputTransformer:

auth0_rule.test - *terraform.NodeAbstractResource
2017/06/04 15:38:31 [TRACE] Graph after step *terraform.OrphanResourceTransformer:

auth0_rule.test - *terraform.NodeAbstractResource
2017/06/04 15:38:31 [TRACE] AttachResourceConfigTransformer: Beginning...
2017/06/04 15:38:31 [TRACE] AttachResourceConfigTransformer: Attach resource config request: auth0_rule.test
2017/06/04 15:38:31 [TRACE] Attaching resource config: &config.Resource{Mode:0, Name:"test", Type:"auth0_rule", RawCount:(*config.RawConfig)(0xc4201daf60), RawConfig:(*config.RawConfig)(0xc4201dacc0), Provisioners:[]*config.Provisioner(nil), Provider:"", DependsOn:[]string(nil), Lifecycle:config.ResourceLifecycle{CreateBeforeDestroy:false, PreventDestroy:false, IgnoreChanges:[]string(nil)}}
2017/06/04 15:38:31 [TRACE] Graph after step *terraform.AttachResourceConfigTransformer:

auth0_rule.test - *terraform.NodeAbstractResource
2017/06/04 15:38:31 [DEBUG] Resource state not found for "auth0_rule.test": auth0_rule.test
2017/06/04 15:38:31 [TRACE] Graph after step *terraform.AttachStateTransformer:

auth0_rule.test - *terraform.NodeAbstractResource
2017/06/04 15:38:31 [TRACE] Graph after step *terraform.RootVariableTransformer:

auth0_rule.test - *terraform.NodeAbstractResource
2017/06/04 15:38:31 [TRACE] Graph after step *terraform.MissingProviderTransformer:

auth0_rule.test - *terraform.NodeAbstractResource
provider.auth0 - *terraform.NodeApplyableProvider
2017/06/04 15:38:31 [TRACE] Graph after step *terraform.ProviderTransformer:

auth0_rule.test - *terraform.NodeAbstractResource
  provider.auth0 - *terraform.NodeApplyableProvider
provider.auth0 - *terraform.NodeApplyableProvider
2017/06/04 15:38:31 [TRACE] Graph after step *terraform.DisableProviderTransformer:

auth0_rule.test - *terraform.NodeAbstractResource
  provider.auth0 - *terraform.NodeApplyableProvider
provider.auth0 - *terraform.NodeApplyableProvider
2017/06/04 15:38:31 [TRACE] Graph after step *terraform.ParentProviderTransformer:

auth0_rule.test - *terraform.NodeAbstractResource
  provider.auth0 - *terraform.NodeApplyableProvider
provider.auth0 - *terraform.NodeApplyableProvider
2017/06/04 15:38:31 [TRACE] Attach provider request: []string{} auth0
2017/06/04 15:38:31 [TRACE] Attaching provider config: *config.ProviderConfig{Name:"auth0", Alias:"", RawConfig:(*config.RawConfig)(0xc4201daa20)}
2017/06/04 15:38:31 [TRACE] Graph after step *terraform.AttachProviderConfigTransformer:

auth0_rule.test - *terraform.NodeAbstractResource
  provider.auth0 - *terraform.NodeApplyableProvider
provider.auth0 - *terraform.NodeApplyableProvider
2017/06/04 15:38:31 [TRACE] Graph after step *terraform.ModuleVariableTransformer:

auth0_rule.test - *terraform.NodeAbstractResource
  provider.auth0 - *terraform.NodeApplyableProvider
provider.auth0 - *terraform.NodeApplyableProvider
2017/06/04 15:38:31 [DEBUG] ReferenceTransformer: "auth0_rule.test" references: []
2017/06/04 15:38:31 [DEBUG] ReferenceTransformer: "provider.auth0" references: []
2017/06/04 15:38:31 [TRACE] Graph after step *terraform.ReferenceTransformer:

auth0_rule.test - *terraform.NodeAbstractResource
  provider.auth0 - *terraform.NodeApplyableProvider
provider.auth0 - *terraform.NodeApplyableProvider
2017/06/04 15:38:31 [TRACE] Graph after step *terraform.CountBoundaryTransformer:

auth0_rule.test - *terraform.NodeAbstractResource
  provider.auth0 - *terraform.NodeApplyableProvider
meta.count-boundary (count boundary fixup) - *terraform.NodeCountBoundary
  auth0_rule.test - *terraform.NodeAbstractResource
  provider.auth0 - *terraform.NodeApplyableProvider
provider.auth0 - *terraform.NodeApplyableProvider
2017/06/04 15:38:31 [TRACE] Graph after step *terraform.TargetsTransformer:

auth0_rule.test - *terraform.NodeAbstractResource
  provider.auth0 - *terraform.NodeApplyableProvider
meta.count-boundary (count boundary fixup) - *terraform.NodeCountBoundary
  auth0_rule.test - *terraform.NodeAbstractResource
  provider.auth0 - *terraform.NodeApplyableProvider
provider.auth0 - *terraform.NodeApplyableProvider
2017/06/04 15:38:31 [TRACE] Graph after step *terraform.CloseProviderTransformer:

auth0_rule.test - *terraform.NodeAbstractResource
  provider.auth0 - *terraform.NodeApplyableProvider
meta.count-boundary (count boundary fixup) - *terraform.NodeCountBoundary
  auth0_rule.test - *terraform.NodeAbstractResource
  provider.auth0 - *terraform.NodeApplyableProvider
provider.auth0 - *terraform.NodeApplyableProvider
provider.auth0 (close) - *terraform.graphNodeCloseProvider
  auth0_rule.test - *terraform.NodeAbstractResource
  provider.auth0 - *terraform.NodeApplyableProvider
2017/06/04 15:38:31 [TRACE] Graph after step *terraform.CloseProvisionerTransformer:

auth0_rule.test - *terraform.NodeAbstractResource
  provider.auth0 - *terraform.NodeApplyableProvider
meta.count-boundary (count boundary fixup) - *terraform.NodeCountBoundary
  auth0_rule.test - *terraform.NodeAbstractResource
  provider.auth0 - *terraform.NodeApplyableProvider
provider.auth0 - *terraform.NodeApplyableProvider
provider.auth0 (close) - *terraform.graphNodeCloseProvider
  auth0_rule.test - *terraform.NodeAbstractResource
  provider.auth0 - *terraform.NodeApplyableProvider
2017/06/04 15:38:31 [TRACE] Graph after step *terraform.RootTransformer:

auth0_rule.test - *terraform.NodeAbstractResource
  provider.auth0 - *terraform.NodeApplyableProvider
meta.count-boundary (count boundary fixup) - *terraform.NodeCountBoundary
  auth0_rule.test - *terraform.NodeAbstractResource
  provider.auth0 - *terraform.NodeApplyableProvider
provider.auth0 - *terraform.NodeApplyableProvider
provider.auth0 (close) - *terraform.graphNodeCloseProvider
  auth0_rule.test - *terraform.NodeAbstractResource
  provider.auth0 - *terraform.NodeApplyableProvider
root - terraform.graphNodeRoot
  meta.count-boundary (count boundary fixup) - *terraform.NodeCountBoundary
  provider.auth0 (close) - *terraform.graphNodeCloseProvider
2017/06/04 15:38:31 [TRACE] Graph after step *terraform.TransitiveReductionTransformer:

auth0_rule.test - *terraform.NodeAbstractResource
  provider.auth0 - *terraform.NodeApplyableProvider
meta.count-boundary (count boundary fixup) - *terraform.NodeCountBoundary
  auth0_rule.test - *terraform.NodeAbstractResource
provider.auth0 - *terraform.NodeApplyableProvider
provider.auth0 (close) - *terraform.graphNodeCloseProvider
  auth0_rule.test - *terraform.NodeAbstractResource
root - terraform.graphNodeRoot
  meta.count-boundary (count boundary fixup) - *terraform.NodeCountBoundary
  provider.auth0 (close) - *terraform.graphNodeCloseProvider
2017/06/04 15:38:31 [DEBUG] Starting graph walk: walkInput
2017/06/04 15:38:31 [DEBUG] dag/walk: added new vertex: "auth0_rule.test"
2017/06/04 15:38:31 [DEBUG] dag/walk: added new vertex: "provider.auth0"
2017/06/04 15:38:31 [DEBUG] dag/walk: added new vertex: "meta.count-boundary (count boundary fixup)"
2017/06/04 15:38:31 [DEBUG] dag/walk: added new vertex: "provider.auth0 (close)"
2017/06/04 15:38:31 [DEBUG] dag/walk: added new vertex: "root"
2017/06/04 15:38:31 [DEBUG] dag/walk: added edge: "root" waiting on "provider.auth0 (close)"
2017/06/04 15:38:31 [DEBUG] dag/walk: added edge: "auth0_rule.test" waiting on "provider.auth0"
2017/06/04 15:38:31 [DEBUG] dag/walk: added edge: "meta.count-boundary (count boundary fixup)" waiting on "auth0_rule.test"
2017/06/04 15:38:31 [DEBUG] dag/walk: added edge: "provider.auth0 (close)" waiting on "auth0_rule.test"
2017/06/04 15:38:31 [DEBUG] dag/walk: added edge: "root" waiting on "meta.count-boundary (count boundary fixup)"
2017/06/04 15:38:31 [DEBUG] dag/walk: dependencies changed for "meta.count-boundary (count boundary fixup)", sending new deps
2017/06/04 15:38:31 [DEBUG] dag/walk: dependencies changed for "provider.auth0 (close)", sending new deps
2017/06/04 15:38:31 [DEBUG] dag/walk: dependencies changed for "root", sending new deps
2017/06/04 15:38:31 [DEBUG] dag/walk: dependencies changed for "auth0_rule.test", sending new deps
2017/06/04 15:38:31 [DEBUG] dag/walk: walking "provider.auth0"
2017/06/04 15:38:31 [DEBUG] vertex 'root.provider.auth0': walking
2017/06/04 15:38:31 [DEBUG] vertex 'root.provider.auth0': evaluating
2017/06/04 15:38:31 [TRACE] [walkInput] Entering eval tree: provider.auth0
2017/06/04 15:38:31 [DEBUG] root: eval: *terraform.EvalSequence
2017/06/04 15:38:31 [DEBUG] root: eval: *terraform.EvalInitProvider
2017/06/04 15:38:31 [DEBUG] plugin: starting plugin: /Users/christianbradley/go/src/github.com/bocodigitalmedia/terraform-provider-auth0/terraform-provider-auth0 []string{"/Users/christianbradley/go/src/github.com/bocodigitalmedia/terraform-provider-auth0/terraform-provider-auth0"}
2017/06/04 15:38:31 [DEBUG] plugin: waiting for RPC address for: /Users/christianbradley/go/src/github.com/bocodigitalmedia/terraform-provider-auth0/terraform-provider-auth0
2017/06/04 15:38:31 [DEBUG] plugin: terraform-provider-auth0: 2017/06/04 15:38:31 [DEBUG] plugin: plugin address: unix /var/folders/dp/7_d5tpf11vz29m21gp1j80vr0000gn/T/plugin719205724
2017/06/04 15:38:31 [DEBUG] root: eval: *terraform.EvalOpFilter
2017/06/04 15:38:31 [DEBUG] root: eval: *terraform.EvalSequence
2017/06/04 15:38:31 [DEBUG] root: eval: *terraform.EvalGetProvider
2017/06/04 15:38:31 [DEBUG] root: eval: *terraform.EvalInterpolate
2017/06/04 15:38:31 [DEBUG] root: eval: *terraform.EvalBuildProviderConfig
2017/06/04 15:38:31 [DEBUG] root: eval: *terraform.EvalInputProvider
2017/06/04 15:38:31 [DEBUG] root: eval: terraform.EvalNoop
2017/06/04 15:38:31 [DEBUG] root: eval: terraform.EvalNoop
2017/06/04 15:38:31 [DEBUG] root: eval: terraform.EvalNoop
2017/06/04 15:38:31 [TRACE] [walkInput] Exiting eval tree: provider.auth0
2017/06/04 15:38:31 [DEBUG] dag/walk: walking "auth0_rule.test"
2017/06/04 15:38:31 [DEBUG] vertex 'root.auth0_rule.test': walking
2017/06/04 15:38:31 [DEBUG] dag/walk: walking "meta.count-boundary (count boundary fixup)"
2017/06/04 15:38:31 [DEBUG] vertex 'root.meta.count-boundary (count boundary fixup)': walking
2017/06/04 15:38:31 [DEBUG] dag/walk: walking "provider.auth0 (close)"
2017/06/04 15:38:31 [DEBUG] vertex 'root.meta.count-boundary (count boundary fixup)': evaluating
2017/06/04 15:38:31 [TRACE] [walkInput] Entering eval tree: meta.count-boundary (count boundary fixup)
2017/06/04 15:38:31 [DEBUG] vertex 'root.provider.auth0 (close)': walking
2017/06/04 15:38:31 [DEBUG] root: eval: *terraform.EvalCountFixZeroOneBoundaryGlobal
2017/06/04 15:38:31 [TRACE] [walkInput] Exiting eval tree: meta.count-boundary (count boundary fixup)
2017/06/04 15:38:31 [DEBUG] vertex 'root.provider.auth0 (close)': evaluating
2017/06/04 15:38:31 [TRACE] [walkInput] Entering eval tree: provider.auth0 (close)
2017/06/04 15:38:31 [DEBUG] root: eval: *terraform.EvalCloseProvider
2017/06/04 15:38:31 [TRACE] [walkInput] Exiting eval tree: provider.auth0 (close)
2017/06/04 15:38:31 [DEBUG] dag/walk: walking "root"
2017/06/04 15:38:31 [DEBUG] vertex 'root.root': walking
2017/06/04 15:38:31 [INFO] terraform: building graph: GraphTypeValidate
2017/06/04 15:38:31 [TRACE] ConfigTransformer: Starting for path: []
2017/06/04 15:38:31 [TRACE] Graph after step *terraform.ConfigTransformer:

auth0_rule.test - *terraform.NodeValidatableResource
2017/06/04 15:38:31 [TRACE] Graph after step *terraform.OutputTransformer:

auth0_rule.test - *terraform.NodeValidatableResource
2017/06/04 15:38:31 [TRACE] Graph after step *terraform.OrphanResourceTransformer:

auth0_rule.test - *terraform.NodeValidatableResource
2017/06/04 15:38:31 [TRACE] AttachResourceConfigTransformer: Beginning...
2017/06/04 15:38:31 [TRACE] AttachResourceConfigTransformer: Attach resource config request: auth0_rule.test
2017/06/04 15:38:31 [TRACE] Attaching resource config: &config.Resource{Mode:0, Name:"test", Type:"auth0_rule", RawCount:(*config.RawConfig)(0xc4201daf60), RawConfig:(*config.RawConfig)(0xc4201dacc0), Provisioners:[]*config.Provisioner(nil), Provider:"", DependsOn:[]string(nil), Lifecycle:config.ResourceLifecycle{CreateBeforeDestroy:false, PreventDestroy:false, IgnoreChanges:[]string(nil)}}
2017/06/04 15:38:31 [TRACE] Graph after step *terraform.AttachResourceConfigTransformer:

auth0_rule.test - *terraform.NodeValidatableResource
2017/06/04 15:38:31 [DEBUG] Resource state not found for "auth0_rule.test": auth0_rule.test
2017/06/04 15:38:31 [TRACE] Graph after step *terraform.AttachStateTransformer:

auth0_rule.test - *terraform.NodeValidatableResource
2017/06/04 15:38:31 [TRACE] Graph after step *terraform.RootVariableTransformer:

auth0_rule.test - *terraform.NodeValidatableResource
2017/06/04 15:38:31 [TRACE] Graph after step *terraform.MissingProviderTransformer:

auth0_rule.test - *terraform.NodeValidatableResource
provider.auth0 - *terraform.NodeApplyableProvider
2017/06/04 15:38:31 [TRACE] Graph after step *terraform.ProviderTransformer:

auth0_rule.test - *terraform.NodeValidatableResource
  provider.auth0 - *terraform.NodeApplyableProvider
provider.auth0 - *terraform.NodeApplyableProvider
2017/06/04 15:38:31 [TRACE] Graph after step *terraform.DisableProviderTransformer:

auth0_rule.test - *terraform.NodeValidatableResource
  provider.auth0 - *terraform.NodeApplyableProvider
provider.auth0 - *terraform.NodeApplyableProvider
2017/06/04 15:38:31 [TRACE] Graph after step *terraform.ParentProviderTransformer:

auth0_rule.test - *terraform.NodeValidatableResource
  provider.auth0 - *terraform.NodeApplyableProvider
provider.auth0 - *terraform.NodeApplyableProvider
2017/06/04 15:38:31 [TRACE] Attach provider request: []string{} auth0
2017/06/04 15:38:31 [TRACE] Attaching provider config: *config.ProviderConfig{Name:"auth0", Alias:"", RawConfig:(*config.RawConfig)(0xc4201daa20)}
2017/06/04 15:38:31 [TRACE] Graph after step *terraform.AttachProviderConfigTransformer:

auth0_rule.test - *terraform.NodeValidatableResource
  provider.auth0 - *terraform.NodeApplyableProvider
provider.auth0 - *terraform.NodeApplyableProvider
2017/06/04 15:38:31 [TRACE] Graph after step *terraform.graphTransformerMulti:

auth0_rule.test - *terraform.NodeValidatableResource
  provider.auth0 - *terraform.NodeApplyableProvider
provider.auth0 - *terraform.NodeApplyableProvider
2017/06/04 15:38:31 [TRACE] Graph after step *terraform.ModuleVariableTransformer:

auth0_rule.test - *terraform.NodeValidatableResource
  provider.auth0 - *terraform.NodeApplyableProvider
provider.auth0 - *terraform.NodeApplyableProvider
2017/06/04 15:38:31 [DEBUG] ReferenceTransformer: "auth0_rule.test" references: []
2017/06/04 15:38:31 [DEBUG] ReferenceTransformer: "provider.auth0" references: []
2017/06/04 15:38:31 [TRACE] Graph after step *terraform.ReferenceTransformer:

auth0_rule.test - *terraform.NodeValidatableResource
  provider.auth0 - *terraform.NodeApplyableProvider
provider.auth0 - *terraform.NodeApplyableProvider
2017/06/04 15:38:31 [TRACE] Graph after step *terraform.CountBoundaryTransformer:

auth0_rule.test - *terraform.NodeValidatableResource
  provider.auth0 - *terraform.NodeApplyableProvider
meta.count-boundary (count boundary fixup) - *terraform.NodeCountBoundary
  auth0_rule.test - *terraform.NodeValidatableResource
  provider.auth0 - *terraform.NodeApplyableProvider
provider.auth0 - *terraform.NodeApplyableProvider
2017/06/04 15:38:31 [TRACE] Graph after step *terraform.TargetsTransformer:

auth0_rule.test - *terraform.NodeValidatableResource
  provider.auth0 - *terraform.NodeApplyableProvider
meta.count-boundary (count boundary fixup) - *terraform.NodeCountBoundary
  auth0_rule.test - *terraform.NodeValidatableResource
  provider.auth0 - *terraform.NodeApplyableProvider
provider.auth0 - *terraform.NodeApplyableProvider
2017/06/04 15:38:31 [TRACE] Graph after step *terraform.CloseProviderTransformer:

auth0_rule.test - *terraform.NodeValidatableResource
  provider.auth0 - *terraform.NodeApplyableProvider
meta.count-boundary (count boundary fixup) - *terraform.NodeCountBoundary
  auth0_rule.test - *terraform.NodeValidatableResource
  provider.auth0 - *terraform.NodeApplyableProvider
provider.auth0 - *terraform.NodeApplyableProvider
provider.auth0 (close) - *terraform.graphNodeCloseProvider
  auth0_rule.test - *terraform.NodeValidatableResource
  provider.auth0 - *terraform.NodeApplyableProvider
2017/06/04 15:38:31 [TRACE] Graph after step *terraform.CloseProvisionerTransformer:

auth0_rule.test - *terraform.NodeValidatableResource
  provider.auth0 - *terraform.NodeApplyableProvider
meta.count-boundary (count boundary fixup) - *terraform.NodeCountBoundary
  auth0_rule.test - *terraform.NodeValidatableResource
  provider.auth0 - *terraform.NodeApplyableProvider
provider.auth0 - *terraform.NodeApplyableProvider
provider.auth0 (close) - *terraform.graphNodeCloseProvider
  auth0_rule.test - *terraform.NodeValidatableResource
  provider.auth0 - *terraform.NodeApplyableProvider
2017/06/04 15:38:31 [TRACE] Graph after step *terraform.RootTransformer:

auth0_rule.test - *terraform.NodeValidatableResource
  provider.auth0 - *terraform.NodeApplyableProvider
meta.count-boundary (count boundary fixup) - *terraform.NodeCountBoundary
  auth0_rule.test - *terraform.NodeValidatableResource
  provider.auth0 - *terraform.NodeApplyableProvider
provider.auth0 - *terraform.NodeApplyableProvider
provider.auth0 (close) - *terraform.graphNodeCloseProvider
  auth0_rule.test - *terraform.NodeValidatableResource
  provider.auth0 - *terraform.NodeApplyableProvider
root - terraform.graphNodeRoot
  meta.count-boundary (count boundary fixup) - *terraform.NodeCountBoundary
  provider.auth0 (close) - *terraform.graphNodeCloseProvider
2017/06/04 15:38:31 [TRACE] Graph after step *terraform.TransitiveReductionTransformer:

auth0_rule.test - *terraform.NodeValidatableResource
  provider.auth0 - *terraform.NodeApplyableProvider
meta.count-boundary (count boundary fixup) - *terraform.NodeCountBoundary
  auth0_rule.test - *terraform.NodeValidatableResource
provider.auth0 - *terraform.NodeApplyableProvider
provider.auth0 (close) - *terraform.graphNodeCloseProvider
  auth0_rule.test - *terraform.NodeValidatableResource
root - terraform.graphNodeRoot
  meta.count-boundary (count boundary fixup) - *terraform.NodeCountBoundary
  provider.auth0 (close) - *terraform.graphNodeCloseProvider
2017/06/04 15:38:31 [DEBUG] Starting graph walk: walkValidate
2017/06/04 15:38:31 [DEBUG] dag/walk: added new vertex: "meta.count-boundary (count boundary fixup)"
2017/06/04 15:38:31 [DEBUG] dag/walk: added new vertex: "provider.auth0 (close)"
2017/06/04 15:38:31 [DEBUG] dag/walk: added new vertex: "root"
2017/06/04 15:38:31 [DEBUG] dag/walk: added new vertex: "auth0_rule.test"
2017/06/04 15:38:31 [DEBUG] dag/walk: added new vertex: "provider.auth0"
2017/06/04 15:38:31 [DEBUG] dag/walk: added edge: "root" waiting on "meta.count-boundary (count boundary fixup)"
2017/06/04 15:38:31 [DEBUG] dag/walk: added edge: "root" waiting on "provider.auth0 (close)"
2017/06/04 15:38:31 [DEBUG] dag/walk: added edge: "auth0_rule.test" waiting on "provider.auth0"
2017/06/04 15:38:31 [DEBUG] dag/walk: added edge: "meta.count-boundary (count boundary fixup)" waiting on "auth0_rule.test"
2017/06/04 15:38:31 [DEBUG] dag/walk: added edge: "provider.auth0 (close)" waiting on "auth0_rule.test"
2017/06/04 15:38:31 [DEBUG] dag/walk: dependencies changed for "root", sending new deps
2017/06/04 15:38:31 [DEBUG] dag/walk: dependencies changed for "auth0_rule.test", sending new deps
2017/06/04 15:38:31 [DEBUG] dag/walk: dependencies changed for "meta.count-boundary (count boundary fixup)", sending new deps
2017/06/04 15:38:31 [DEBUG] dag/walk: dependencies changed for "provider.auth0 (close)", sending new deps
2017/06/04 15:38:31 [DEBUG] dag/walk: walking "provider.auth0"
2017/06/04 15:38:31 [DEBUG] vertex 'root.provider.auth0': walking
2017/06/04 15:38:31 [DEBUG] vertex 'root.provider.auth0': evaluating
2017/06/04 15:38:31 [TRACE] [walkValidate] Entering eval tree: provider.auth0
2017/06/04 15:38:31 [DEBUG] root: eval: *terraform.EvalSequence
2017/06/04 15:38:31 [DEBUG] root: eval: *terraform.EvalInitProvider
2017/06/04 15:38:31 [DEBUG] root: eval: terraform.EvalNoop
2017/06/04 15:38:31 [DEBUG] root: eval: *terraform.EvalOpFilter
2017/06/04 15:38:31 [DEBUG] root: eval: *terraform.EvalSequence
2017/06/04 15:38:31 [DEBUG] root: eval: *terraform.EvalGetProvider
2017/06/04 15:38:31 [DEBUG] root: eval: *terraform.EvalInterpolate
2017/06/04 15:38:31 [DEBUG] root: eval: *terraform.EvalBuildProviderConfig
2017/06/04 15:38:31 [DEBUG] root: eval: *terraform.EvalValidateProvider
2017/06/04 15:38:31 [DEBUG] root: eval: *terraform.EvalSetProviderConfig
2017/06/04 15:38:31 [DEBUG] root: eval: terraform.EvalNoop
2017/06/04 15:38:31 [DEBUG] root: eval: terraform.EvalNoop
2017/06/04 15:38:31 [TRACE] [walkValidate] Exiting eval tree: provider.auth0
2017/06/04 15:38:31 [DEBUG] dag/walk: walking "auth0_rule.test"
2017/06/04 15:38:31 [DEBUG] vertex 'root.auth0_rule.test': walking
2017/06/04 15:38:31 [DEBUG] vertex 'root.auth0_rule.test': evaluating
2017/06/04 15:38:31 [TRACE] [walkValidate] Entering eval tree: auth0_rule.test
2017/06/04 15:38:31 [DEBUG] root: eval: *terraform.EvalSequence
2017/06/04 15:38:31 [DEBUG] root: eval: *terraform.EvalInterpolate
2017/06/04 15:38:31 [DEBUG] root: eval: *terraform.EvalIf
2017/06/04 15:38:31 [DEBUG] root: eval: *terraform.EvalValidateCount
2017/06/04 15:38:31 [DEBUG] root: eval: *terraform.EvalCountFixZeroOneBoundary
2017/06/04 15:38:31 [TRACE] [walkValidate] Exiting eval tree: auth0_rule.test
2017/06/04 15:38:31 [DEBUG] vertex 'root.auth0_rule.test': expanding/walking dynamic subgraph
2017/06/04 15:38:31 [TRACE] Graph after step *terraform.ResourceCountTransformer:

auth0_rule.test - *terraform.NodeValidatableResourceInstance
2017/06/04 15:38:31 [DEBUG] Resource state not found for "auth0_rule.test": auth0_rule.test
2017/06/04 15:38:31 [TRACE] Graph after step *terraform.AttachStateTransformer:

auth0_rule.test - *terraform.NodeValidatableResourceInstance
2017/06/04 15:38:31 [TRACE] Graph after step *terraform.TargetsTransformer:

auth0_rule.test - *terraform.NodeValidatableResourceInstance
2017/06/04 15:38:31 [DEBUG] ReferenceTransformer: "auth0_rule.test" references: []
2017/06/04 15:38:31 [TRACE] Graph after step *terraform.ReferenceTransformer:

auth0_rule.test - *terraform.NodeValidatableResourceInstance
2017/06/04 15:38:31 [TRACE] Graph after step *terraform.RootTransformer:

auth0_rule.test - *terraform.NodeValidatableResourceInstance
2017/06/04 15:38:31 [DEBUG] dag/walk: added new vertex: "auth0_rule.test"
2017/06/04 15:38:31 [DEBUG] dag/walk: walking "auth0_rule.test"
2017/06/04 15:38:31 [DEBUG] vertex 'root.auth0_rule.test': walking
2017/06/04 15:38:31 [DEBUG] vertex 'root.auth0_rule.test': evaluating
2017/06/04 15:38:31 [TRACE] [walkValidate] Entering eval tree: auth0_rule.test
2017/06/04 15:38:31 [DEBUG] root: eval: *terraform.EvalSequence
2017/06/04 15:38:31 [DEBUG] root: eval: *terraform.EvalValidateResourceSelfRef
2017/06/04 15:38:31 [DEBUG] root: eval: *terraform.EvalGetProvider
2017/06/04 15:38:31 [DEBUG] root: eval: *terraform.EvalInterpolate
2017/06/04 15:38:31 [DEBUG] root: eval: *terraform.EvalValidateResource
2017/06/04 15:38:31 [TRACE] [walkValidate] Exiting eval tree: auth0_rule.test
2017/06/04 15:38:31 [DEBUG] dag/walk: walking "meta.count-boundary (count boundary fixup)"
2017/06/04 15:38:31 [DEBUG] vertex 'root.meta.count-boundary (count boundary fixup)': walking
2017/06/04 15:38:31 [DEBUG] dag/walk: walking "provider.auth0 (close)"
2017/06/04 15:38:31 [DEBUG] vertex 'root.provider.auth0 (close)': walking
2017/06/04 15:38:31 [DEBUG] vertex 'root.meta.count-boundary (count boundary fixup)': evaluating
2017/06/04 15:38:31 [TRACE] [walkValidate] Entering eval tree: meta.count-boundary (count boundary fixup)
2017/06/04 15:38:31 [DEBUG] root: eval: *terraform.EvalCountFixZeroOneBoundaryGlobal
2017/06/04 15:38:31 [TRACE] [walkValidate] Exiting eval tree: meta.count-boundary (count boundary fixup)
2017/06/04 15:38:31 [DEBUG] vertex 'root.provider.auth0 (close)': evaluating
2017/06/04 15:38:31 [TRACE] [walkValidate] Entering eval tree: provider.auth0 (close)
2017/06/04 15:38:31 [DEBUG] root: eval: *terraform.EvalCloseProvider
2017/06/04 15:38:31 [TRACE] [walkValidate] Exiting eval tree: provider.auth0 (close)
2017/06/04 15:38:31 [DEBUG] dag/walk: walking "root"
2017/06/04 15:38:31 [DEBUG] vertex 'root.root': walking
2017/06/04 15:38:31 [INFO] backend/local: apply calling Refresh
2017/06/04 15:38:31 [INFO] terraform: building graph: GraphTypeRefresh
2017/06/04 15:38:31 [TRACE] StateTransformer: starting
2017/06/04 15:38:31 [TRACE] StateTransformer: Module: [root]
2017/06/04 15:38:31 [TRACE] Graph after step *terraform.StateTransformer:

2017/06/04 15:38:31 [TRACE] ConfigTransformer: Starting for path: []
2017/06/04 15:38:31 [TRACE] Graph after step *terraform.ConfigTransformer:

2017/06/04 15:38:31 [TRACE] Graph after step *terraform.AttachStateTransformer:

2017/06/04 15:38:31 [TRACE] AttachResourceConfigTransformer: Beginning...
2017/06/04 15:38:31 [TRACE] Graph after step *terraform.AttachResourceConfigTransformer:

2017/06/04 15:38:31 [TRACE] Graph after step *terraform.RootVariableTransformer:

2017/06/04 15:38:31 [TRACE] Graph after step *terraform.MissingProviderTransformer:

2017/06/04 15:38:31 [TRACE] Graph after step *terraform.ProviderTransformer:

2017/06/04 15:38:31 [TRACE] Graph after step *terraform.DisableProviderTransformer:

2017/06/04 15:38:31 [TRACE] Graph after step *terraform.ParentProviderTransformer:

2017/06/04 15:38:31 [TRACE] Graph after step *terraform.AttachProviderConfigTransformer:

2017/06/04 15:38:31 [TRACE] Graph after step *terraform.OutputTransformer:

2017/06/04 15:38:31 [TRACE] Graph after step *terraform.ModuleVariableTransformer:

2017/06/04 15:38:31 [TRACE] Graph after step *terraform.ReferenceTransformer:

2017/06/04 15:38:31 [TRACE] Graph after step *terraform.TargetsTransformer:

2017/06/04 15:38:31 [TRACE] Graph after step *terraform.CloseProviderTransformer:

2017/06/04 15:38:31 [TRACE] Graph after step *terraform.RootTransformer:

root - terraform.graphNodeRoot
2017/06/04 15:38:31 [TRACE] Graph after step *terraform.TransitiveReductionTransformer:

root - terraform.graphNodeRoot
2017/06/04 15:38:31 [DEBUG] Starting graph walk: walkRefresh
2017/06/04 15:38:31 [DEBUG] dag/walk: added new vertex: "root"
2017/06/04 15:38:31 [DEBUG] dag/walk: walking "root"
2017/06/04 15:38:31 [DEBUG] vertex 'root.root': walking
2017/06/04 15:38:31 [INFO] backend/local: apply calling Plan
2017/06/04 15:38:31 [INFO] terraform: building graph: GraphTypePlan
2017/06/04 15:38:31 [TRACE] ConfigTransformer: Starting for path: []
2017/06/04 15:38:31 [TRACE] Graph after step *terraform.ConfigTransformer:

auth0_rule.test - *terraform.NodePlannableResource
2017/06/04 15:38:31 [TRACE] Graph after step *terraform.OutputTransformer:

auth0_rule.test - *terraform.NodePlannableResource
2017/06/04 15:38:31 [TRACE] Graph after step *terraform.OrphanResourceTransformer:

auth0_rule.test - *terraform.NodePlannableResource
2017/06/04 15:38:31 [TRACE] AttachResourceConfigTransformer: Beginning...
2017/06/04 15:38:31 [TRACE] AttachResourceConfigTransformer: Attach resource config request: auth0_rule.test
2017/06/04 15:38:31 [TRACE] Attaching resource config: &config.Resource{Mode:0, Name:"test", Type:"auth0_rule", RawCount:(*config.RawConfig)(0xc4201daf60), RawConfig:(*config.RawConfig)(0xc4201dacc0), Provisioners:[]*config.Provisioner(nil), Provider:"", DependsOn:[]string(nil), Lifecycle:config.ResourceLifecycle{CreateBeforeDestroy:false, PreventDestroy:false, IgnoreChanges:[]string(nil)}}
2017/06/04 15:38:31 [TRACE] Graph after step *terraform.AttachResourceConfigTransformer:

auth0_rule.test - *terraform.NodePlannableResource
2017/06/04 15:38:31 [DEBUG] Resource state not found for "auth0_rule.test": auth0_rule.test
2017/06/04 15:38:31 [TRACE] Graph after step *terraform.AttachStateTransformer:

auth0_rule.test - *terraform.NodePlannableResource
2017/06/04 15:38:31 [TRACE] Graph after step *terraform.RootVariableTransformer:

auth0_rule.test - *terraform.NodePlannableResource
2017/06/04 15:38:31 [TRACE] Graph after step *terraform.MissingProviderTransformer:

auth0_rule.test - *terraform.NodePlannableResource
provider.auth0 - *terraform.NodeApplyableProvider
2017/06/04 15:38:31 [TRACE] Graph after step *terraform.ProviderTransformer:

auth0_rule.test - *terraform.NodePlannableResource
  provider.auth0 - *terraform.NodeApplyableProvider
provider.auth0 - *terraform.NodeApplyableProvider
2017/06/04 15:38:31 [TRACE] Graph after step *terraform.DisableProviderTransformer:

auth0_rule.test - *terraform.NodePlannableResource
  provider.auth0 - *terraform.NodeApplyableProvider
provider.auth0 - *terraform.NodeApplyableProvider
2017/06/04 15:38:31 [TRACE] Graph after step *terraform.ParentProviderTransformer:

auth0_rule.test - *terraform.NodePlannableResource
  provider.auth0 - *terraform.NodeApplyableProvider
provider.auth0 - *terraform.NodeApplyableProvider
2017/06/04 15:38:31 [TRACE] Attach provider request: []string{} auth0
2017/06/04 15:38:31 [TRACE] Attaching provider config: *config.ProviderConfig{Name:"auth0", Alias:"", RawConfig:(*config.RawConfig)(0xc4201daa20)}
2017/06/04 15:38:31 [TRACE] Graph after step *terraform.AttachProviderConfigTransformer:

auth0_rule.test - *terraform.NodePlannableResource
  provider.auth0 - *terraform.NodeApplyableProvider
provider.auth0 - *terraform.NodeApplyableProvider
2017/06/04 15:38:31 [TRACE] Graph after step *terraform.ModuleVariableTransformer:

auth0_rule.test - *terraform.NodePlannableResource
  provider.auth0 - *terraform.NodeApplyableProvider
provider.auth0 - *terraform.NodeApplyableProvider
2017/06/04 15:38:31 [DEBUG] ReferenceTransformer: "auth0_rule.test" references: []
2017/06/04 15:38:31 [DEBUG] ReferenceTransformer: "provider.auth0" references: []
2017/06/04 15:38:31 [TRACE] Graph after step *terraform.ReferenceTransformer:

auth0_rule.test - *terraform.NodePlannableResource
  provider.auth0 - *terraform.NodeApplyableProvider
provider.auth0 - *terraform.NodeApplyableProvider
2017/06/04 15:38:31 [TRACE] Graph after step *terraform.CountBoundaryTransformer:

auth0_rule.test - *terraform.NodePlannableResource
  provider.auth0 - *terraform.NodeApplyableProvider
meta.count-boundary (count boundary fixup) - *terraform.NodeCountBoundary
  auth0_rule.test - *terraform.NodePlannableResource
  provider.auth0 - *terraform.NodeApplyableProvider
provider.auth0 - *terraform.NodeApplyableProvider
2017/06/04 15:38:31 [TRACE] Graph after step *terraform.TargetsTransformer:

auth0_rule.test - *terraform.NodePlannableResource
  provider.auth0 - *terraform.NodeApplyableProvider
meta.count-boundary (count boundary fixup) - *terraform.NodeCountBoundary
  auth0_rule.test - *terraform.NodePlannableResource
  provider.auth0 - *terraform.NodeApplyableProvider
provider.auth0 - *terraform.NodeApplyableProvider
2017/06/04 15:38:31 [TRACE] Graph after step *terraform.CloseProviderTransformer:

auth0_rule.test - *terraform.NodePlannableResource
  provider.auth0 - *terraform.NodeApplyableProvider
meta.count-boundary (count boundary fixup) - *terraform.NodeCountBoundary
  auth0_rule.test - *terraform.NodePlannableResource
  provider.auth0 - *terraform.NodeApplyableProvider
provider.auth0 - *terraform.NodeApplyableProvider
provider.auth0 (close) - *terraform.graphNodeCloseProvider
  auth0_rule.test - *terraform.NodePlannableResource
  provider.auth0 - *terraform.NodeApplyableProvider
2017/06/04 15:38:31 [TRACE] Graph after step *terraform.CloseProvisionerTransformer:

auth0_rule.test - *terraform.NodePlannableResource
  provider.auth0 - *terraform.NodeApplyableProvider
meta.count-boundary (count boundary fixup) - *terraform.NodeCountBoundary
  auth0_rule.test - *terraform.NodePlannableResource
  provider.auth0 - *terraform.NodeApplyableProvider
provider.auth0 - *terraform.NodeApplyableProvider
provider.auth0 (close) - *terraform.graphNodeCloseProvider
  auth0_rule.test - *terraform.NodePlannableResource
  provider.auth0 - *terraform.NodeApplyableProvider
2017/06/04 15:38:31 [TRACE] Graph after step *terraform.RootTransformer:

auth0_rule.test - *terraform.NodePlannableResource
  provider.auth0 - *terraform.NodeApplyableProvider
meta.count-boundary (count boundary fixup) - *terraform.NodeCountBoundary
  auth0_rule.test - *terraform.NodePlannableResource
  provider.auth0 - *terraform.NodeApplyableProvider
provider.auth0 - *terraform.NodeApplyableProvider
provider.auth0 (close) - *terraform.graphNodeCloseProvider
  auth0_rule.test - *terraform.NodePlannableResource
  provider.auth0 - *terraform.NodeApplyableProvider
root - terraform.graphNodeRoot
  meta.count-boundary (count boundary fixup) - *terraform.NodeCountBoundary
  provider.auth0 (close) - *terraform.graphNodeCloseProvider
2017/06/04 15:38:31 [TRACE] Graph after step *terraform.TransitiveReductionTransformer:

auth0_rule.test - *terraform.NodePlannableResource
  provider.auth0 - *terraform.NodeApplyableProvider
meta.count-boundary (count boundary fixup) - *terraform.NodeCountBoundary
  auth0_rule.test - *terraform.NodePlannableResource
provider.auth0 - *terraform.NodeApplyableProvider
provider.auth0 (close) - *terraform.graphNodeCloseProvider
  auth0_rule.test - *terraform.NodePlannableResource
root - terraform.graphNodeRoot
  meta.count-boundary (count boundary fixup) - *terraform.NodeCountBoundary
  provider.auth0 (close) - *terraform.graphNodeCloseProvider
2017/06/04 15:38:31 [DEBUG] Starting graph walk: walkPlan
2017/06/04 15:38:31 [DEBUG] dag/walk: added new vertex: "auth0_rule.test"
2017/06/04 15:38:31 [DEBUG] dag/walk: added new vertex: "provider.auth0"
2017/06/04 15:38:31 [DEBUG] dag/walk: added new vertex: "meta.count-boundary (count boundary fixup)"
2017/06/04 15:38:31 [DEBUG] dag/walk: added new vertex: "provider.auth0 (close)"
2017/06/04 15:38:31 [DEBUG] dag/walk: added new vertex: "root"
2017/06/04 15:38:31 [DEBUG] dag/walk: added edge: "root" waiting on "meta.count-boundary (count boundary fixup)"
2017/06/04 15:38:31 [DEBUG] dag/walk: added edge: "root" waiting on "provider.auth0 (close)"
2017/06/04 15:38:31 [DEBUG] dag/walk: added edge: "auth0_rule.test" waiting on "provider.auth0"
2017/06/04 15:38:31 [DEBUG] dag/walk: added edge: "meta.count-boundary (count boundary fixup)" waiting on "auth0_rule.test"
2017/06/04 15:38:31 [DEBUG] dag/walk: added edge: "provider.auth0 (close)" waiting on "auth0_rule.test"
2017/06/04 15:38:31 [DEBUG] dag/walk: dependencies changed for "root", sending new deps
2017/06/04 15:38:31 [DEBUG] dag/walk: dependencies changed for "auth0_rule.test", sending new deps
2017/06/04 15:38:31 [DEBUG] dag/walk: dependencies changed for "meta.count-boundary (count boundary fixup)", sending new deps
2017/06/04 15:38:31 [DEBUG] dag/walk: dependencies changed for "provider.auth0 (close)", sending new deps
2017/06/04 15:38:31 [DEBUG] dag/walk: walking "provider.auth0"
2017/06/04 15:38:31 [DEBUG] vertex 'root.provider.auth0': walking
2017/06/04 15:38:31 [DEBUG] vertex 'root.provider.auth0': evaluating
2017/06/04 15:38:31 [TRACE] [walkPlan] Entering eval tree: provider.auth0
2017/06/04 15:38:31 [DEBUG] root: eval: *terraform.EvalSequence
2017/06/04 15:38:31 [DEBUG] root: eval: *terraform.EvalInitProvider
2017/06/04 15:38:31 [DEBUG] root: eval: terraform.EvalNoop
2017/06/04 15:38:31 [DEBUG] root: eval: terraform.EvalNoop
2017/06/04 15:38:31 [DEBUG] root: eval: *terraform.EvalOpFilter
2017/06/04 15:38:31 [DEBUG] root: eval: *terraform.EvalSequence
2017/06/04 15:38:31 [DEBUG] root: eval: *terraform.EvalGetProvider
2017/06/04 15:38:31 [DEBUG] root: eval: *terraform.EvalInterpolate
2017/06/04 15:38:31 [DEBUG] root: eval: *terraform.EvalBuildProviderConfig
2017/06/04 15:38:31 [DEBUG] root: eval: *terraform.EvalSetProviderConfig
2017/06/04 15:38:31 [DEBUG] root: eval: *terraform.EvalOpFilter
2017/06/04 15:38:31 [DEBUG] root: eval: *terraform.EvalSequence
2017/06/04 15:38:31 [DEBUG] root: eval: *terraform.EvalConfigProvider
2017/06/04 15:38:31 [TRACE] [walkPlan] Exiting eval tree: provider.auth0
2017/06/04 15:38:31 [DEBUG] dag/walk: walking "auth0_rule.test"
2017/06/04 15:38:31 [DEBUG] vertex 'root.auth0_rule.test': walking
2017/06/04 15:38:31 [DEBUG] vertex 'root.auth0_rule.test': evaluating
2017/06/04 15:38:31 [TRACE] [walkPlan] Entering eval tree: auth0_rule.test
2017/06/04 15:38:31 [DEBUG] root: eval: *terraform.EvalSequence
2017/06/04 15:38:31 [DEBUG] root: eval: *terraform.EvalInterpolate
2017/06/04 15:38:31 [DEBUG] root: eval: *terraform.EvalCountCheckComputed
2017/06/04 15:38:31 [DEBUG] root: eval: *terraform.EvalIf
2017/06/04 15:38:31 [DEBUG] root: eval: *terraform.EvalCountFixZeroOneBoundary
2017/06/04 15:38:31 [TRACE] [walkPlan] Exiting eval tree: auth0_rule.test
2017/06/04 15:38:31 [DEBUG] vertex 'root.auth0_rule.test': expanding/walking dynamic subgraph
2017/06/04 15:38:31 [TRACE] Graph after step *terraform.ResourceCountTransformer:

auth0_rule.test - *terraform.NodePlannableResourceInstance
2017/06/04 15:38:31 [TRACE] OrphanResourceCount: Starting...
2017/06/04 15:38:31 [TRACE] Graph after step *terraform.OrphanResourceCountTransformer:

auth0_rule.test - *terraform.NodePlannableResourceInstance
2017/06/04 15:38:31 [DEBUG] Resource state not found for "auth0_rule.test": auth0_rule.test
2017/06/04 15:38:31 [TRACE] Graph after step *terraform.AttachStateTransformer:

auth0_rule.test - *terraform.NodePlannableResourceInstance
2017/06/04 15:38:31 [TRACE] Graph after step *terraform.TargetsTransformer:

auth0_rule.test - *terraform.NodePlannableResourceInstance
2017/06/04 15:38:31 [DEBUG] ReferenceTransformer: "auth0_rule.test" references: []
2017/06/04 15:38:31 [TRACE] Graph after step *terraform.ReferenceTransformer:

auth0_rule.test - *terraform.NodePlannableResourceInstance
2017/06/04 15:38:31 [TRACE] Graph after step *terraform.RootTransformer:

auth0_rule.test - *terraform.NodePlannableResourceInstance
2017/06/04 15:38:31 [DEBUG] dag/walk: added new vertex: "auth0_rule.test"
2017/06/04 15:38:31 [DEBUG] dag/walk: walking "auth0_rule.test"
2017/06/04 15:38:31 [DEBUG] vertex 'root.auth0_rule.test': walking
2017/06/04 15:38:31 [DEBUG] vertex 'root.auth0_rule.test': evaluating
2017/06/04 15:38:31 [TRACE] [walkPlan] Entering eval tree: auth0_rule.test
2017/06/04 15:38:31 [DEBUG] root: eval: *terraform.EvalSequence
2017/06/04 15:38:31 [DEBUG] root: eval: *terraform.EvalInterpolate
2017/06/04 15:38:31 [DEBUG] root: eval: *terraform.EvalGetProvider
2017/06/04 15:38:31 [DEBUG] root: eval: *terraform.EvalValidateResource
2017/06/04 15:38:31 [DEBUG] root: eval: *terraform.EvalReadState
2017/06/04 15:38:31 [DEBUG] root: eval: *terraform.EvalDiff
2017/06/04 15:38:31 [DEBUG] root: eval: *terraform.EvalCheckPreventDestroy
2017/06/04 15:38:31 [DEBUG] root: eval: *terraform.EvalWriteState
2017/06/04 15:38:31 [DEBUG] root: eval: *terraform.EvalWriteDiff
2017/06/04 15:38:31 [TRACE] [walkPlan] Exiting eval tree: auth0_rule.test
2017/06/04 15:38:31 [DEBUG] dag/walk: walking "provider.auth0 (close)"
2017/06/04 15:38:31 [DEBUG] vertex 'root.provider.auth0 (close)': walking
2017/06/04 15:38:31 [DEBUG] vertex 'root.provider.auth0 (close)': evaluating
2017/06/04 15:38:31 [DEBUG] dag/walk: walking "meta.count-boundary (count boundary fixup)"
2017/06/04 15:38:31 [DEBUG] vertex 'root.meta.count-boundary (count boundary fixup)': walking
2017/06/04 15:38:31 [TRACE] [walkPlan] Entering eval tree: provider.auth0 (close)
2017/06/04 15:38:31 [DEBUG] root: eval: *terraform.EvalCloseProvider
2017/06/04 15:38:31 [DEBUG] vertex 'root.meta.count-boundary (count boundary fixup)': evaluating
2017/06/04 15:38:31 [TRACE] [walkPlan] Exiting eval tree: provider.auth0 (close)
2017/06/04 15:38:31 [TRACE] [walkPlan] Entering eval tree: meta.count-boundary (count boundary fixup)
2017/06/04 15:38:31 [DEBUG] root: eval: *terraform.EvalCountFixZeroOneBoundaryGlobal
2017/06/04 15:38:31 [TRACE] [walkPlan] Exiting eval tree: meta.count-boundary (count boundary fixup)
2017/06/04 15:38:31 [DEBUG] dag/walk: walking "root"
2017/06/04 15:38:31 [DEBUG] vertex 'root.root': walking
2017/06/04 15:38:31 [INFO] terraform: building graph: GraphTypeApply
2017/06/04 15:38:31 [TRACE] DiffTransformer: starting
2017/06/04 15:38:31 [TRACE] DiffTransformer: Module: CREATE: auth0_rule.test
  enabled: "" => "true"
  name:    "" => "foo"
  script:  "" => "function() {}"
2017/06/04 15:38:31 [TRACE] DiffTransformer: Resource "auth0_rule.test": *terraform.InstanceDiff{mu:sync.Mutex{state:0, sema:0x0}, Attributes:map[string]*terraform.ResourceAttrDiff{"name":*terraform.ResourceAttrDiff{Old:"", New:"foo", NewComputed:false, NewRemoved:false, NewExtra:interface {}(nil), RequiresNew:false, Sensitive:false, Type:0x0}, "enabled":*terraform.ResourceAttrDiff{Old:"", New:"true", NewComputed:false, NewRemoved:false, NewExtra:interface {}(nil), RequiresNew:false, Sensitive:false, Type:0x0}, "script":*terraform.ResourceAttrDiff{Old:"", New:"function() {}", NewComputed:false, NewRemoved:false, NewExtra:interface {}(nil), RequiresNew:false, Sensitive:false, Type:0x0}, "id":*terraform.ResourceAttrDiff{Old:"", New:"", NewComputed:true, NewRemoved:false, NewExtra:interface {}(nil), RequiresNew:true, Sensitive:false, Type:0x2}}, Destroy:false, DestroyDeposed:false, DestroyTainted:false, Meta:map[string]interface {}(nil)}
2017/06/04 15:38:31 [TRACE] Graph after step *terraform.DiffTransformer:

auth0_rule.test - *terraform.NodeApplyableResource
2017/06/04 15:38:31 [TRACE] Graph after step *terraform.OrphanOutputTransformer:

auth0_rule.test - *terraform.NodeApplyableResource
2017/06/04 15:38:31 [TRACE] AttachResourceConfigTransformer: Beginning...
2017/06/04 15:38:31 [TRACE] AttachResourceConfigTransformer: Attach resource config request: auth0_rule.test
2017/06/04 15:38:31 [TRACE] Attaching resource config: &config.Resource{Mode:0, Name:"test", Type:"auth0_rule", RawCount:(*config.RawConfig)(0xc4201daf60), RawConfig:(*config.RawConfig)(0xc4201dacc0), Provisioners:[]*config.Provisioner(nil), Provider:"", DependsOn:[]string(nil), Lifecycle:config.ResourceLifecycle{CreateBeforeDestroy:false, PreventDestroy:false, IgnoreChanges:[]string(nil)}}
2017/06/04 15:38:31 [TRACE] Graph after step *terraform.AttachResourceConfigTransformer:

auth0_rule.test - *terraform.NodeApplyableResource
2017/06/04 15:38:31 [DEBUG] Resource state not found for "auth0_rule.test": auth0_rule.test
2017/06/04 15:38:31 [TRACE] Graph after step *terraform.AttachStateTransformer:

auth0_rule.test - *terraform.NodeApplyableResource
2017/06/04 15:38:31 [TRACE] Graph after step *terraform.MissingProviderTransformer:

auth0_rule.test - *terraform.NodeApplyableResource
provider.auth0 - *terraform.NodeApplyableProvider
2017/06/04 15:38:31 [TRACE] Graph after step *terraform.ProviderTransformer:

auth0_rule.test - *terraform.NodeApplyableResource
  provider.auth0 - *terraform.NodeApplyableProvider
provider.auth0 - *terraform.NodeApplyableProvider
2017/06/04 15:38:31 [TRACE] Graph after step *terraform.DisableProviderTransformer:

auth0_rule.test - *terraform.NodeApplyableResource
  provider.auth0 - *terraform.NodeApplyableProvider
provider.auth0 - *terraform.NodeApplyableProvider
2017/06/04 15:38:31 [TRACE] Graph after step *terraform.ParentProviderTransformer:

auth0_rule.test - *terraform.NodeApplyableResource
  provider.auth0 - *terraform.NodeApplyableProvider
provider.auth0 - *terraform.NodeApplyableProvider
2017/06/04 15:38:31 [TRACE] Attach provider request: []string{} auth0
2017/06/04 15:38:31 [TRACE] Attaching provider config: *config.ProviderConfig{Name:"auth0", Alias:"", RawConfig:(*config.RawConfig)(0xc4201daa20)}
2017/06/04 15:38:31 [TRACE] Graph after step *terraform.AttachProviderConfigTransformer:

auth0_rule.test - *terraform.NodeApplyableResource
  provider.auth0 - *terraform.NodeApplyableProvider
provider.auth0 - *terraform.NodeApplyableProvider
2017/06/04 15:38:31 [TRACE] DestroyEdgeTransformer: Beginning destroy edge transformation...
2017/06/04 15:38:31 [TRACE] Graph after step *terraform.DestroyEdgeTransformer:

auth0_rule.test - *terraform.NodeApplyableResource
  provider.auth0 - *terraform.NodeApplyableProvider
provider.auth0 - *terraform.NodeApplyableProvider
2017/06/04 15:38:31 [TRACE] CBDEdgeTransformer: Beginning CBD transformation...
2017/06/04 15:38:31 [TRACE] Graph after step *terraform.CBDEdgeTransformer:

auth0_rule.test - *terraform.NodeApplyableResource
  provider.auth0 - *terraform.NodeApplyableProvider
provider.auth0 - *terraform.NodeApplyableProvider
2017/06/04 15:38:31 [TRACE] Graph after step *terraform.MissingProvisionerTransformer:

auth0_rule.test - *terraform.NodeApplyableResource
  provider.auth0 - *terraform.NodeApplyableProvider
provider.auth0 - *terraform.NodeApplyableProvider
2017/06/04 15:38:31 [TRACE] Graph after step *terraform.ProvisionerTransformer:

auth0_rule.test - *terraform.NodeApplyableResource
  provider.auth0 - *terraform.NodeApplyableProvider
provider.auth0 - *terraform.NodeApplyableProvider
2017/06/04 15:38:31 [TRACE] Graph after step *terraform.RootVariableTransformer:

auth0_rule.test - *terraform.NodeApplyableResource
  provider.auth0 - *terraform.NodeApplyableProvider
provider.auth0 - *terraform.NodeApplyableProvider
2017/06/04 15:38:31 [TRACE] Graph after step *terraform.OutputTransformer:

auth0_rule.test - *terraform.NodeApplyableResource
  provider.auth0 - *terraform.NodeApplyableProvider
provider.auth0 - *terraform.NodeApplyableProvider
2017/06/04 15:38:31 [TRACE] Graph after step *terraform.ModuleVariableTransformer:

auth0_rule.test - *terraform.NodeApplyableResource
  provider.auth0 - *terraform.NodeApplyableProvider
provider.auth0 - *terraform.NodeApplyableProvider
2017/06/04 15:38:31 [DEBUG] ReferenceTransformer: "auth0_rule.test" references: []
2017/06/04 15:38:31 [DEBUG] ReferenceTransformer: "provider.auth0" references: []
2017/06/04 15:38:31 [TRACE] Graph after step *terraform.ReferenceTransformer:

auth0_rule.test - *terraform.NodeApplyableResource
  provider.auth0 - *terraform.NodeApplyableProvider
provider.auth0 - *terraform.NodeApplyableProvider
2017/06/04 15:38:31 [TRACE] Graph after step *terraform.CountBoundaryTransformer:

auth0_rule.test - *terraform.NodeApplyableResource
  provider.auth0 - *terraform.NodeApplyableProvider
meta.count-boundary (count boundary fixup) - *terraform.NodeCountBoundary
  auth0_rule.test - *terraform.NodeApplyableResource
  provider.auth0 - *terraform.NodeApplyableProvider
provider.auth0 - *terraform.NodeApplyableProvider
2017/06/04 15:38:31 [TRACE] Graph after step *terraform.TargetsTransformer:

auth0_rule.test - *terraform.NodeApplyableResource
  provider.auth0 - *terraform.NodeApplyableProvider
meta.count-boundary (count boundary fixup) - *terraform.NodeCountBoundary
  auth0_rule.test - *terraform.NodeApplyableResource
  provider.auth0 - *terraform.NodeApplyableProvider
provider.auth0 - *terraform.NodeApplyableProvider
2017/06/04 15:38:31 [TRACE] Graph after step *terraform.CloseProviderTransformer:

auth0_rule.test - *terraform.NodeApplyableResource
  provider.auth0 - *terraform.NodeApplyableProvider
meta.count-boundary (count boundary fixup) - *terraform.NodeCountBoundary
  auth0_rule.test - *terraform.NodeApplyableResource
  provider.auth0 - *terraform.NodeApplyableProvider
provider.auth0 - *terraform.NodeApplyableProvider
provider.auth0 (close) - *terraform.graphNodeCloseProvider
  auth0_rule.test - *terraform.NodeApplyableResource
  provider.auth0 - *terraform.NodeApplyableProvider
2017/06/04 15:38:31 [TRACE] Graph after step *terraform.CloseProvisionerTransformer:

auth0_rule.test - *terraform.NodeApplyableResource
  provider.auth0 - *terraform.NodeApplyableProvider
meta.count-boundary (count boundary fixup) - *terraform.NodeCountBoundary
  auth0_rule.test - *terraform.NodeApplyableResource
  provider.auth0 - *terraform.NodeApplyableProvider
provider.auth0 - *terraform.NodeApplyableProvider
provider.auth0 (close) - *terraform.graphNodeCloseProvider
  auth0_rule.test - *terraform.NodeApplyableResource
  provider.auth0 - *terraform.NodeApplyableProvider
2017/06/04 15:38:31 [TRACE] Graph after step *terraform.RootTransformer:

auth0_rule.test - *terraform.NodeApplyableResource
  provider.auth0 - *terraform.NodeApplyableProvider
meta.count-boundary (count boundary fixup) - *terraform.NodeCountBoundary
  auth0_rule.test - *terraform.NodeApplyableResource
  provider.auth0 - *terraform.NodeApplyableProvider
provider.auth0 - *terraform.NodeApplyableProvider
provider.auth0 (close) - *terraform.graphNodeCloseProvider
  auth0_rule.test - *terraform.NodeApplyableResource
  provider.auth0 - *terraform.NodeApplyableProvider
root - terraform.graphNodeRoot
  meta.count-boundary (count boundary fixup) - *terraform.NodeCountBoundary
  provider.auth0 (close) - *terraform.graphNodeCloseProvider
2017/06/04 15:38:31 [TRACE] Graph after step *terraform.TransitiveReductionTransformer:

auth0_rule.test - *terraform.NodeApplyableResource
  provider.auth0 - *terraform.NodeApplyableProvider
meta.count-boundary (count boundary fixup) - *terraform.NodeCountBoundary
  auth0_rule.test - *terraform.NodeApplyableResource
provider.auth0 - *terraform.NodeApplyableProvider
provider.auth0 (close) - *terraform.graphNodeCloseProvider
  auth0_rule.test - *terraform.NodeApplyableResource
root - terraform.graphNodeRoot
  meta.count-boundary (count boundary fixup) - *terraform.NodeCountBoundary
  provider.auth0 (close) - *terraform.graphNodeCloseProvider
2017/06/04 15:38:31 [DEBUG] Starting graph walk: walkApply
2017/06/04 15:38:31 [DEBUG] dag/walk: added new vertex: "meta.count-boundary (count boundary fixup)"
2017/06/04 15:38:31 [DEBUG] dag/walk: added new vertex: "provider.auth0 (close)"
2017/06/04 15:38:31 [DEBUG] dag/walk: added new vertex: "root"
2017/06/04 15:38:31 [DEBUG] dag/walk: added new vertex: "auth0_rule.test"
2017/06/04 15:38:31 [DEBUG] dag/walk: added new vertex: "provider.auth0"
2017/06/04 15:38:31 [DEBUG] dag/walk: added edge: "provider.auth0 (close)" waiting on "auth0_rule.test"
2017/06/04 15:38:31 [DEBUG] dag/walk: added edge: "root" waiting on "meta.count-boundary (count boundary fixup)"
2017/06/04 15:38:31 [DEBUG] dag/walk: added edge: "root" waiting on "provider.auth0 (close)"
2017/06/04 15:38:31 [DEBUG] dag/walk: added edge: "auth0_rule.test" waiting on "provider.auth0"
2017/06/04 15:38:31 [DEBUG] dag/walk: added edge: "meta.count-boundary (count boundary fixup)" waiting on "auth0_rule.test"
2017/06/04 15:38:31 [DEBUG] dag/walk: dependencies changed for "provider.auth0 (close)", sending new deps
2017/06/04 15:38:31 [DEBUG] dag/walk: dependencies changed for "root", sending new deps
2017/06/04 15:38:31 [DEBUG] dag/walk: dependencies changed for "auth0_rule.test", sending new deps
2017/06/04 15:38:31 [DEBUG] dag/walk: dependencies changed for "meta.count-boundary (count boundary fixup)", sending new deps
2017/06/04 15:38:31 [DEBUG] dag/walk: walking "provider.auth0"
2017/06/04 15:38:31 [DEBUG] vertex 'root.provider.auth0': walking
2017/06/04 15:38:31 [DEBUG] vertex 'root.provider.auth0': evaluating
2017/06/04 15:38:31 [TRACE] [walkApply] Entering eval tree: provider.auth0
2017/06/04 15:38:31 [DEBUG] root: eval: *terraform.EvalSequence
2017/06/04 15:38:31 [DEBUG] root: eval: *terraform.EvalInitProvider
2017/06/04 15:38:31 [DEBUG] root: eval: terraform.EvalNoop
2017/06/04 15:38:31 [DEBUG] root: eval: terraform.EvalNoop
2017/06/04 15:38:31 [DEBUG] root: eval: *terraform.EvalOpFilter
2017/06/04 15:38:31 [DEBUG] root: eval: *terraform.EvalSequence
2017/06/04 15:38:31 [DEBUG] root: eval: *terraform.EvalGetProvider
2017/06/04 15:38:31 [DEBUG] root: eval: *terraform.EvalInterpolate
2017/06/04 15:38:31 [DEBUG] root: eval: *terraform.EvalBuildProviderConfig
2017/06/04 15:38:31 [DEBUG] root: eval: *terraform.EvalSetProviderConfig
2017/06/04 15:38:31 [DEBUG] root: eval: *terraform.EvalOpFilter
2017/06/04 15:38:31 [DEBUG] root: eval: *terraform.EvalSequence
2017/06/04 15:38:31 [DEBUG] root: eval: *terraform.EvalConfigProvider
2017/06/04 15:38:31 [TRACE] [walkApply] Exiting eval tree: provider.auth0
2017/06/04 15:38:31 [DEBUG] dag/walk: walking "auth0_rule.test"
2017/06/04 15:38:31 [DEBUG] vertex 'root.auth0_rule.test': walking
2017/06/04 15:38:31 [DEBUG] vertex 'root.auth0_rule.test': evaluating
2017/06/04 15:38:31 [TRACE] [walkApply] Entering eval tree: auth0_rule.test
2017/06/04 15:38:31 [DEBUG] root: eval: *terraform.EvalSequence
2017/06/04 15:38:31 [DEBUG] root: eval: *terraform.EvalInstanceInfo
2017/06/04 15:38:31 [DEBUG] root: eval: *terraform.EvalReadDiff
2017/06/04 15:38:31 [DEBUG] root: eval: *terraform.EvalIf
2017/06/04 15:38:31 [DEBUG] root: eval: terraform.EvalNoop
2017/06/04 15:38:31 [DEBUG] root: eval: *terraform.EvalIf
2017/06/04 15:38:31 [DEBUG] root: eval: *terraform.EvalInterpolate
2017/06/04 15:38:31 [DEBUG] root: eval: *terraform.EvalGetProvider
2017/06/04 15:38:31 [DEBUG] root: eval: *terraform.EvalReadState
2017/06/04 15:38:31 [DEBUG] root: eval: *terraform.EvalValidateResource
2017/06/04 15:38:31 [DEBUG] root: eval: *terraform.EvalDiff
2017/06/04 15:38:31 [DEBUG] root: eval: *terraform.EvalReadDiff
2017/06/04 15:38:31 [DEBUG] root: eval: *terraform.EvalCompareDiff
2017/06/04 15:38:31 [DEBUG] root: eval: *terraform.EvalGetProvider
2017/06/04 15:38:31 [DEBUG] root: eval: *terraform.EvalReadState
2017/06/04 15:38:31 [DEBUG] root: eval: *terraform.EvalApplyPre
2017/06/04 15:38:31 [DEBUG] root: eval: *terraform.EvalApply
2017/06/04 15:38:31 [DEBUG] apply: auth0_rule.test: executing Apply
2017/06/04 15:38:31 [DEBUG] plugin: terraform-provider-auth0: 2017/06/04 15:38:31 [DEBUG] No meta timeoutkey found in Apply()
2017/06/04 15:38:31 [DEBUG] plugin: terraform-provider-auth0: panic: interface conversion: interface {} is *main.Meta, not main.Meta
2017/06/04 15:38:31 [DEBUG] plugin: terraform-provider-auth0: 
2017/06/04 15:38:31 [DEBUG] plugin: terraform-provider-auth0: goroutine 59 [running]:
2017/06/04 15:38:31 [DEBUG] plugin: terraform-provider-auth0: main.resourceRuleCreate(0xc42020efc0, 0x15ab580, 0xc420232750, 0x0, 0x0)
2017/06/04 15:38:31 [DEBUG] plugin: terraform-provider-auth0: 	/Users/christianbradley/go/src/github.com/bocodigitalmedia/terraform-provider-auth0/resource_rule.go:41 +0x108
2017/06/04 15:38:31 [DEBUG] plugin: terraform-provider-auth0: github.com/hashicorp/terraform/helper/schema.(*Resource).Apply(0xc42020b680, 0xc4201785f0, 0xc4201bfa40, 0x15ab580, 0xc420232750, 0x1, 0x28, 0xc4202fe360)
2017/06/04 15:38:31 [DEBUG] plugin: terraform-provider-auth0: 	/Users/christianbradley/go/src/github.com/hashicorp/terraform/helper/schema/resource.go:186 +0x48d
2017/06/04 15:38:31 [DEBUG] plugin: terraform-provider-auth0: github.com/hashicorp/terraform/helper/schema.(*Provider).Apply(0xc42020ebd0, 0xc4201785a0, 0xc4201785f0, 0xc4201bfa40, 0x1b834b0, 0x0, 0x0)
2017/06/04 15:38:31 [DEBUG] plugin: terraform-provider-auth0: 	/Users/christianbradley/go/src/github.com/hashicorp/terraform/helper/schema/provider.go:242 +0x9b
2017/06/04 15:38:31 [DEBUG] plugin: terraform-provider-auth0: github.com/hashicorp/terraform/plugin.(*ResourceProviderServer).Apply(0xc4201bf200, 0xc4201bf4e0, 0xc4201bbd50, 0x0, 0x0)
2017/06/04 15:38:31 [DEBUG] plugin: terraform-provider-auth0: 	/Users/christianbradley/go/src/github.com/hashicorp/terraform/plugin/resource_provider.go:488 +0x57
2017/06/04 15:38:31 [DEBUG] plugin: terraform-provider-auth0: reflect.Value.call(0xc42021ad20, 0xc420232518, 0x13, 0x16b3bba, 0x4, 0xc420210f20, 0x3, 0x3, 0xc4200346e0, 0x1504868, ...)
2017/06/04 15:38:31 [DEBUG] plugin: terraform-provider-auth0: 	/usr/local/go/src/reflect/value.go:434 +0x91f
2017/06/04 15:38:31 [DEBUG] plugin: terraform-provider-auth0: reflect.Value.Call(0xc42021ad20, 0xc420232518, 0x13, 0xc420034720, 0x3, 0x3, 0xc, 0xc, 0xc)
2017/06/04 15:38:31 [DEBUG] plugin: terraform-provider-auth0: 	/usr/local/go/src/reflect/value.go:302 +0xa4
2017/06/04 15:38:31 [DEBUG] plugin: terraform-provider-auth0: net/rpc.(*service).call(0xc420219a40, 0xc420219a00, 0xc42021f3a8, 0xc420251680, 0xc4202f0000, 0x15a8680, 0xc4201bf4e0, 0x16, 0x15a86c0, 0xc4201bbd50, ...)
2017/06/04 15:38:31 [DEBUG] plugin: terraform-provider-auth0: 	/usr/local/go/src/net/rpc/server.go:387 +0x144
2017/06/04 15:38:31 [DEBUG] plugin: terraform-provider-auth0: created by net/rpc.(*Server).ServeCodec
2017/06/04 15:38:31 [DEBUG] plugin: terraform-provider-auth0: 	/usr/local/go/src/net/rpc/server.go:481 +0x404
2017/06/04 15:38:31 [DEBUG] root: eval: *terraform.EvalWriteState
2017/06/04 15:38:31 [DEBUG] root: eval: *terraform.EvalApplyProvisioners
2017/06/04 15:38:31 [DEBUG] root: eval: *terraform.EvalIf
2017/06/04 15:38:31 [DEBUG] root: eval: *terraform.EvalWriteState
2017/06/04 15:38:31 [DEBUG] root: eval: *terraform.EvalWriteDiff
2017/06/04 15:38:31 [DEBUG] root: eval: *terraform.EvalApplyPost
2017/06/04 15:38:31 [ERROR] root: eval: *terraform.EvalApplyPost, err: 1 error(s) occurred:

* auth0_rule.test: unexpected EOF
2017/06/04 15:38:31 [ERROR] root: eval: *terraform.EvalSequence, err: 1 error(s) occurred:

* auth0_rule.test: unexpected EOF
2017/06/04 15:38:31 [TRACE] [walkApply] Exiting eval tree: auth0_rule.test
2017/06/04 15:38:31 [DEBUG] dag/walk: upstream errored, not walking "provider.auth0 (close)"
2017/06/04 15:38:31 [DEBUG] dag/walk: upstream errored, not walking "meta.count-boundary (count boundary fixup)"
2017/06/04 15:38:31 [DEBUG] dag/walk: upstream errored, not walking "root"
2017/06/04 15:38:31 [TRACE] Preserving existing state lineage "07c69877-9716-483e-a394-f49544cc35d9"
2017/06/04 15:38:31 [DEBUG] plugin: /Users/christianbradley/go/src/github.com/bocodigitalmedia/terraform-provider-auth0/terraform-provider-auth0: plugin process exited
2017/06/04 15:38:31 [TRACE] Preserving existing state lineage "07c69877-9716-483e-a394-f49544cc35d9"
2017/06/04 15:38:31 [DEBUG] plugin: waiting for all plugin processes to complete...
2017/06/04 15:38:31 [WARN] plugin: error closing client during Kill: connection is shut down
